<?xml version="1.0" encoding="UTF-8"?>
<!-- Generated by org.testng.reporters.JUnitReportReporter -->
<testsuite hostname="Pawan" failures="0" tests="9" name="api.test.UserDDTests" time="18.281" errors="0" timestamp="2023-06-04T17:57:03 IST" skipped="0">
  <testcase classname="api.test.UserDDTests" name="testPostuser" time="1.741"/>
  <system-out/>
  <testcase classname="api.test.UserDDTests" name="testPostuser" time="1.431"/>
  <system-out/>
  <testcase classname="api.test.UserDDTests" name="testPostuser" time="3.669"/>
  <system-out/>
  <testcase classname="api.test.UserDDTests" name="testGetUserByName" time="4.022"/>
  <system-out/>
  <testcase classname="api.test.UserDDTests" name="testGetUserByName" time="1.783"/>
  <system-out/>
  <testcase classname="api.test.UserDDTests" name="testGetUserByName" time="1.555"/>
  <system-out/>
  <testcase classname="api.test.UserDDTests" name="testDeleteUserByName" time="1.283"/>
  <system-out/>
  <testcase classname="api.test.UserDDTests" name="testDeleteUserByName" time="1.385"/>
  <system-out/>
  <testcase classname="api.test.UserDDTests" name="testDeleteUserByName" time="1.412"/>
  <system-out/>
</testsuite> <!-- api.test.UserDDTests -->
