<?xml version="1.0" encoding="UTF-8"?>
<!-- Generated by org.testng.reporters.JUnitReportReporter -->
<testsuite hostname="Pawan" failures="0" tests="4" name="api.test.UserTest" time="9.483" errors="0" timestamp="2023-06-04T17:15:58 IST" skipped="0">
  <testcase classname="api.test.UserTest" name="testPostUser" time="3.694"/>
  <system-out/>
  <testcase classname="api.test.UserTest" name="testGetUserByName" time="1.603"/>
  <system-out/>
  <testcase classname="api.test.UserTest" name="testUpdateUserByName" time="2.897"/>
  <system-out/>
  <testcase classname="api.test.UserTest" name="testDeleteUserByName" time="1.289"/>
  <system-out/>
</testsuite> <!-- api.test.UserTest -->
