<?xml version="1.0" encoding="UTF-8"?>
<!-- Generated by org.testng.reporters.JUnitReportReporter -->
<testsuite hostname="Pawan" failures="0" tests="9" name="api.test.UserDDTests" time="11.423" errors="0" timestamp="2023-06-04T18:45:32 IST" skipped="0">
  <testcase classname="api.test.UserDDTests" name="testPostuser" time="1.067"/>
  <system-out/>
  <testcase classname="api.test.UserDDTests" name="testPostuser" time="2.869"/>
  <system-out/>
  <testcase classname="api.test.UserDDTests" name="testPostuser" time="0.989"/>
  <system-out/>
  <testcase classname="api.test.UserDDTests" name="testGetUserByName" time="1.423"/>
  <system-out/>
  <testcase classname="api.test.UserDDTests" name="testGetUserByName" time="1.037"/>
  <system-out/>
  <testcase classname="api.test.UserDDTests" name="testGetUserByName" time="1.021"/>
  <system-out/>
  <testcase classname="api.test.UserDDTests" name="testDeleteUserByName" time="1.011"/>
  <system-out/>
  <testcase classname="api.test.UserDDTests" name="testDeleteUserByName" time="1.011"/>
  <system-out/>
  <testcase classname="api.test.UserDDTests" name="testDeleteUserByName" time="0.995"/>
  <system-out/>
</testsuite> <!-- api.test.UserDDTests -->
